<?xml version="1.0" encoding="UTF-8"?>
<testsuite xmlns:xsi="http://www.w3.org/2001/XMLSchema-instance" xsi:noNamespaceSchemaLocation="https://maven.apache.org/surefire/maven-surefire-plugin/xsd/surefire-test-report-3.0.xsd" version="3.0" name="com.wagmi.finance.strings.StringUtilsTest" time="0.136" tests="16" errors="0" skipped="0" failures="0">
  <properties>
    <property name="java.specification.version" value="24"/>
    <property name="sun.cpu.isalist" value="amd64"/>
    <property name="sun.jnu.encoding" value="Cp1252"/>
    <property name="java.class.path" value="C:\CODING\Javaproject\wagmi-ds01-assignment-01\target\test-classes;C:\CODING\Javaproject\wagmi-ds01-assignment-01\target\classes;C:\Users\my pc\.m2\repository\org\junit\jupiter\junit-jupiter-api\5.10.2\junit-jupiter-api-5.10.2.jar;C:\Users\my pc\.m2\repository\org\opentest4j\opentest4j\1.3.0\opentest4j-1.3.0.jar;C:\Users\my pc\.m2\repository\org\junit\platform\junit-platform-commons\1.10.2\junit-platform-commons-1.10.2.jar;C:\Users\my pc\.m2\repository\org\apiguardian\apiguardian-api\1.1.2\apiguardian-api-1.1.2.jar;C:\Users\my pc\.m2\repository\org\junit\jupiter\junit-jupiter-engine\5.10.2\junit-jupiter-engine-5.10.2.jar;C:\Users\my pc\.m2\repository\org\junit\platform\junit-platform-engine\1.10.2\junit-platform-engine-1.10.2.jar;"/>
    <property name="java.vm.vendor" value="Oracle Corporation"/>
    <property name="sun.arch.data.model" value="64"/>
    <property name="user.variant" value=""/>
    <property name="java.vendor.url" value="https://java.oracle.com/"/>
    <property name="user.timezone" value="Asia/Calcutta"/>
    <property name="os.name" value="Windows 10"/>
    <property name="java.vm.specification.version" value="24"/>
    <property name="sun.java.launcher" value="SUN_STANDARD"/>
    <property name="user.country" value="IN"/>
    <property name="sun.boot.library.path" value="C:\Program Files\Java\jdk-24\bin"/>
    <property name="sun.java.command" value="C:\Users\my pc\AppData\Local\Temp\surefire6482376503687352148\surefirebooter-20251010191224341_3.jar C:\Users\my pc\AppData\Local\Temp\surefire6482376503687352148 2025-10-10T19-12-24_030-jvmRun1 surefire-20251010191224341_1tmp surefire_0-20251010191224341_2tmp"/>
    <property name="jdk.debug" value="release"/>
    <property name="surefire.test.class.path" value="C:\CODING\Javaproject\wagmi-ds01-assignment-01\target\test-classes;C:\CODING\Javaproject\wagmi-ds01-assignment-01\target\classes;C:\Users\my pc\.m2\repository\org\junit\jupiter\junit-jupiter-api\5.10.2\junit-jupiter-api-5.10.2.jar;C:\Users\my pc\.m2\repository\org\opentest4j\opentest4j\1.3.0\opentest4j-1.3.0.jar;C:\Users\my pc\.m2\repository\org\junit\platform\junit-platform-commons\1.10.2\junit-platform-commons-1.10.2.jar;C:\Users\my pc\.m2\repository\org\apiguardian\apiguardian-api\1.1.2\apiguardian-api-1.1.2.jar;C:\Users\my pc\.m2\repository\org\junit\jupiter\junit-jupiter-engine\5.10.2\junit-jupiter-engine-5.10.2.jar;C:\Users\my pc\.m2\repository\org\junit\platform\junit-platform-engine\1.10.2\junit-platform-engine-1.10.2.jar;"/>
    <property name="sun.cpu.endian" value="little"/>
    <property name="user.home" value="C:\Users\my pc"/>
    <property name="user.language" value="en"/>
    <property name="java.specification.vendor" value="Oracle Corporation"/>
    <property name="java.version.date" value="2025-04-15"/>
    <property name="java.home" value="C:\Program Files\Java\jdk-24"/>
    <property name="file.separator" value="\"/>
    <property name="basedir" value="C:\CODING\Javaproject\wagmi-ds01-assignment-01"/>
    <property name="java.vm.compressedOopsMode" value="Zero based"/>
    <property name="line.separator" value="&#10;"/>
    <property name="java.vm.specification.vendor" value="Oracle Corporation"/>
    <property name="java.specification.name" value="Java Platform API Specification"/>
    <property name="surefire.real.class.path" value="C:\Users\my pc\AppData\Local\Temp\surefire6482376503687352148\surefirebooter-20251010191224341_3.jar"/>
    <property name="user.script" value=""/>
    <property name="sun.management.compiler" value="HotSpot 64-Bit Tiered Compilers"/>
    <property name="java.runtime.version" value="24.0.1+9-30"/>
    <property name="user.name" value="my pc"/>
    <property name="stdout.encoding" value="Cp1252"/>
    <property name="path.separator" value=";"/>
    <property name="os.version" value="10.0"/>
    <property name="java.runtime.name" value="Java(TM) SE Runtime Environment"/>
    <property name="file.encoding" value="UTF-8"/>
    <property name="java.vm.name" value="Java HotSpot(TM) 64-Bit Server VM"/>
    <property name="localRepository" value="C:\Users\my pc\.m2\repository"/>
    <property name="java.vendor.url.bug" value="https://bugreport.java.com/bugreport/"/>
    <property name="java.io.tmpdir" value="C:\Users\MYPC~1\AppData\Local\Temp\"/>
    <property name="java.version" value="24.0.1"/>
    <property name="user.dir" value="C:\CODING\Javaproject\wagmi-ds01-assignment-01"/>
    <property name="os.arch" value="amd64"/>
    <property name="java.vm.specification.name" value="Java Virtual Machine Specification"/>
    <property name="sun.os.patch.level" value=""/>
    <property name="native.encoding" value="Cp1252"/>
    <property name="java.library.path" value="C:\Program Files\Java\jdk-24\bin;C:\WINDOWS\Sun\Java\bin;C:\WINDOWS\system32;C:\WINDOWS;C:\Users\my pc\bin;C:\Program Files\Git\mingw64\bin;C:\Program Files\Git\usr\local\bin;C:\Program Files\Git\usr\bin;C:\Program Files\Git\usr\bin;C:\Program Files\Git\mingw64\bin;C:\Program Files\Git\usr\bin;C:\Users\my pc\bin;C:\VulkanSDK\1.4.313.2\Bin;C:\Program Files\Common Files\Oracle\Java\javapath;C:\Program Files (x86)\Common Files\Oracle\Java\javapath;C:\WINDOWS\system32;C:\WINDOWS;C:\WINDOWS\System32\Wbem;C:\WINDOWS\System32\WindowsPowerShell\v1.0;C:\WINDOWS\System32\OpenSSH;C:\Program Files\Java\jdk-24\bin;C:\Program Files\Git\cmd;C:\Program Files\nodejs;C:\Users\my pc\AppData\Local\Programs\Eclipse Adoptium\jdk-21.0.7.6-hotspot\bin;C:\Users\my pc\AppData\Local\Microsoft\WindowsApps;C:\Users\my pc\AppData\Local\Programs\Microsoft VS Code\bin;C:\MinGW\bin;C:\Program Files\JetBrains\IntelliJ IDEA 2025.1.2\bin;C:\Program Files\JetBrains\IntelliJ IDEA Community Edition 2025.1.2\bin;C:\Users\my pc\AppData\Local\atom\bin;C:\Users\my pc\AppData\Roaming\npm;C:\CODING\java\apache-maven-3.9.11\bin;C:\Program Files\Git\usr\bin\vendor_perl;C:\Program Files\Git\usr\bin\core_perl;."/>
    <property name="java.vm.info" value="mixed mode, sharing"/>
    <property name="stderr.encoding" value="Cp1252"/>
    <property name="java.vendor" value="Oracle Corporation"/>
    <property name="java.vm.version" value="24.0.1+9-30"/>
    <property name="sun.io.unicode.encoding" value="UnicodeLittle"/>
    <property name="java.class.version" value="68.0"/>
  </properties>
  <testcase name="matchesDatePattern_handles_null_input" classname="com.wagmi.finance.strings.StringUtilsTest" time="0.005"/>
  <testcase name="sanitizeDescription_handles_empty_string" classname="com.wagmi.finance.strings.StringUtilsTest" time="0.004"/>
  <testcase name="matchesDatePattern_handles_empty_string" classname="com.wagmi.finance.strings.StringUtilsTest" time="0.002"/>
  <testcase name="matchesDatePattern_validates_day_range" classname="com.wagmi.finance.strings.StringUtilsTest" time="0.004"/>
  <testcase name="sanitizeDescription_removes_special_characters" classname="com.wagmi.finance.strings.StringUtilsTest" time="0.002"/>
  <testcase name="sanitizeDescription_handles_multiple_spaces" classname="com.wagmi.finance.strings.StringUtilsTest" time="0.004"/>
  <testcase name="matchesDatePattern_handles_leap_year" classname="com.wagmi.finance.strings.StringUtilsTest" time="0.002"/>
  <testcase name="sanitizeDescription_handles_null_input" classname="com.wagmi.finance.strings.StringUtilsTest" time="0.022"/>
  <testcase name="sanitizeDescription_trims_and_collapses_spaces" classname="com.wagmi.finance.strings.StringUtilsTest" time="0.004"/>
  <testcase name="matchesDatePattern_handles_whitespace" classname="com.wagmi.finance.strings.StringUtilsTest" time="0.002"/>
  <testcase name="matchesDatePattern_rejects_invalid_formats" classname="com.wagmi.finance.strings.StringUtilsTest" time="0.004"/>
  <testcase name="matchesDatePattern_validates_month_range" classname="com.wagmi.finance.strings.StringUtilsTest" time="0.003"/>
  <testcase name="sanitizeDescription_handles_tabs_and_newlines" classname="com.wagmi.finance.strings.StringUtilsTest" time="0.003"/>
  <testcase name="matchesDatePattern_checks_basic_format" classname="com.wagmi.finance.strings.StringUtilsTest" time="0.003"/>
  <testcase name="matchesDatePattern_handles_year_boundaries" classname="com.wagmi.finance.strings.StringUtilsTest" time="0.002"/>
  <testcase name="matchesDatePattern_handles_month_day_combinations" classname="com.wagmi.finance.strings.StringUtilsTest" time="0.005"/>
</testsuite>